<?xml version="1.0" encoding="UTF-8"?>
<!-- Generated by org.testng.reporters.JUnitReportReporter -->
<testsuite hostname="HW0369" name="com.aaa.web.script.TC_DICallClearingLightService" tests="1" failures="0" timestamp="16 Feb 2018 15:44:56 GMT" time="0.693" errors="0">
  <testcase name="clearCallLightServices" time="0.693" classname="com.aaa.web.script.TC_DICallClearingLightService"/>
</testsuite> <!-- com.aaa.web.script.TC_DICallClearingLightService -->
