<?xml version="1.0" encoding="UTF-8"?>
<!-- Generated by org.testng.reporters.JUnitReportReporter -->
<testsuite hostname="HW0369" name="com.aaa.web.script.TC_DICallClearingLocksmith" tests="1" failures="0" timestamp="16 Feb 2018 16:36:00 GMT" time="9681.657" errors="0">
  <testcase name="clearCallLockSmith" time="9681.657" classname="com.aaa.web.script.TC_DICallClearingLocksmith"/>
</testsuite> <!-- com.aaa.web.script.TC_DICallClearingLocksmith -->
