<?xml version="1.0" encoding="UTF-8"?>
<!-- Generated by org.testng.reporters.JUnitReportReporter -->
<testsuite hostname="HW0369" name="test.mobile.TC_Mobile1" tests="1" failures="0" timestamp="16 Feb 2018 12:59:53 GMT" time="121.048" errors="0">
  <testcase name="clubHostedLogin" time="121.048" classname="test.mobile.TC_Mobile1"/>
</testsuite> <!-- test.mobile.TC_Mobile1 -->
