<?xml version="1.0" encoding="UTF-8"?>
<!-- Generated by org.testng.reporters.JUnitReportReporter -->
<testsuite hostname="HW0369" name="cm.test.webmobile.TC_CombineWebMobile" tests="1" failures="0" timestamp="30 Jan 2018 13:12:08 GMT" time="95.174" errors="0">
  <testcase name="verifyPushNotifications" time="95.174" classname="cm.test.webmobile.TC_CombineWebMobile"/>
</testsuite> <!-- cm.test.webmobile.TC_CombineWebMobile -->
