<?xml version="1.0" encoding="UTF-8"?>
<!-- Generated by org.testng.reporters.JUnitReportReporter -->
<testsuite hostname="HW0369" name="com.aaa.web.script.TC_DICallClearingFullService" tests="1" failures="0" timestamp="16 Feb 2018 09:19:43 GMT" time="5722.587" errors="0">
  <testcase name="clearCallFullServices" time="5722.587" classname="com.aaa.web.script.TC_DICallClearingFullService"/>
</testsuite> <!-- com.aaa.web.script.TC_DICallClearingFullService -->
