<?xml version="1.0" encoding="UTF-8"?>
<!-- Generated by org.testng.reporters.JUnitReportReporter -->
<testsuite hostname="HW0369" name="com.aaa.web.script.TC_CRLoginScript" tests="6" failures="0" timestamp="20 Feb 2018 10:04:04 GMT" time="599.556" errors="0">
  <testcase name="sessionTest" time="78.641" classname="com.aaa.web.script.TC_CRLoginScript"/>
  <testcase name="loginWithInactiveUser" time="41.308" classname="com.aaa.web.script.TC_CRLoginScript"/>
  <testcase name="SelectRole" time="190.948" classname="com.aaa.web.script.TC_CRLoginScript"/>
  <testcase name="loginWithValidUserNameAndInvalidPassword" time="143.141" classname="com.aaa.web.script.TC_CRLoginScript"/>
  <testcase name="successLogin" time="84.658" classname="com.aaa.web.script.TC_CRLoginScript"/>
  <testcase name="multiSessionValidation" time="60.860" classname="com.aaa.web.script.TC_CRLoginScript"/>
</testsuite> <!-- com.aaa.web.script.TC_CRLoginScript -->
