<?xml version="1.0" encoding="UTF-8"?>
<!-- Generated by org.testng.reporters.JUnitReportReporter -->
<testsuite hostname="HW0369" name="test.webmobile.TC_CRCancelCallsnew" tests="1" failures="0" timestamp="9 Feb 2018 05:36:39 GMT" time="87.433" errors="0">
  <testcase name="ValidatekillProcessForCallsnew" time="87.433" classname="test.webmobile.TC_CRCancelCallsnew"/>
</testsuite> <!-- test.webmobile.TC_CRCancelCallsnew -->
