<?xml version="1.0" encoding="UTF-8"?>
<!-- Generated by org.testng.reporters.JUnitReportReporter -->
<testsuite hostname="HW0369" name="com.aaa.e2e.script.RAP_DI" tests="1" failures="0" timestamp="20 Feb 2018 10:29:55 GMT" time="1351.373" errors="0">
  <testcase name="RAPDIEnd2End" time="1351.373" classname="com.aaa.e2e.script.RAP_DI"/>
</testsuite> <!-- com.aaa.e2e.script.RAP_DI -->
