<?xml version="1.0" encoding="UTF-8"?>
<!-- Generated by org.testng.reporters.JUnitReportReporter -->
<testsuite hostname="HW0369" name="test.webmobile.TC_CRCancelCalls2" tests="1" failures="0" timestamp="15 Feb 2018 12:34:28 GMT" time="305.833" errors="0">
  <testcase name="ValidatekillProcessForCallsnew1" time="305.833" classname="test.webmobile.TC_CRCancelCalls2"/>
</testsuite> <!-- test.webmobile.TC_CRCancelCalls2 -->
