<?xml version="1.0" encoding="UTF-8"?>
<!-- Generated by org.testng.reporters.JUnitReportReporter -->
<testsuite hostname="HW0369" name="com.aaa.web.script.TC_CRLocations" tests="4" failures="0" timestamp="29 Jan 2018 07:24:13 GMT" time="263.593" errors="0">
  <testcase name="verifyPointsOfInterest" time="61.646" classname="com.aaa.web.script.TC_CRLocations"/>
  <testcase name="verifyPointsOfInterest" time="63.035" classname="com.aaa.web.script.TC_CRLocations"/>
  <testcase name="verifyPointsOfInterest" time="74.643" classname="com.aaa.web.script.TC_CRLocations"/>
  <testcase name="verifyPointsOfInterest" time="64.269" classname="com.aaa.web.script.TC_CRLocations"/>
</testsuite> <!-- com.aaa.web.script.TC_CRLocations -->
