<?xml version="1.0" encoding="UTF-8"?>
<!-- Generated by org.testng.reporters.JUnitReportReporter -->
<testsuite hostname="HW0369" name="test.mobile.TC_Mobile2" tests="1" failures="0" timestamp="9 Feb 2018 05:49:10 GMT" time="85.069" errors="0">
  <testcase name="clubHostedLoginnew" time="85.069" classname="test.mobile.TC_Mobile2"/>
</testsuite> <!-- test.mobile.TC_Mobile2 -->
