<?xml version="1.0" encoding="UTF-8"?>
<!-- Generated by org.testng.reporters.JUnitReportReporter -->
<testsuite hostname="HW0369" name="test.webmobile.TC_CRCancelCalls" tests="1" failures="0" timestamp="15 Feb 2018 12:34:28 GMT" time="312.645" errors="0">
  <testcase name="ValidatekillProcessForCalls" time="312.645" classname="test.webmobile.TC_CRCancelCalls"/>
</testsuite> <!-- test.webmobile.TC_CRCancelCalls -->
